Java memory size is set to 16G
Launching application...

QualiMap v.2.3
Built on 2023-05-19 16:57

Selected tool: bamqc
Available memory (Mb): 32
Max memory (Mb): 15271
Fri Jan 12 15:37:44 EST 2024		WARNING	Output folder already exists, the results will be saved there

Starting bam qc....
Loading sam header...
Loading locator...
Loading reference...
Number of windows: 400, effective number of windows: 2227
Chunk of reads size: 1000
Number of threads: 20
Processed 222 out of 2227 windows...
Processed 444 out of 2227 windows...
Processed 666 out of 2227 windows...
Processed 888 out of 2227 windows...
Processed 1110 out of 2227 windows...
Processed 1332 out of 2227 windows...
Processed 1554 out of 2227 windows...
Processed 1776 out of 2227 windows...
Processed 1998 out of 2227 windows...
Processed 2220 out of 2227 windows...
Total processed windows:2227
Number of reads: 4618456
Number of valid reads: 6857484
Number of correct strand reads:0

Inside of regions...
Num mapped reads: 4617340
Num mapped first of pair: 0
Num mapped second of pair: 0
Num singletons: 0
Time taken to analyze reads: 31434
Computing descriptors...
numberOfMappedBases: 86189896326
referenceSize: 2069526396
numberOfSequencedBases: 83989122934
numberOfAs: 24463940903
Computing per chromosome statistics...
Computing histograms...
Overall analysis time: 31435
end of bam qc
Computing report...
Writing HTML report...
HTML report created successfully

Finished
